<?xml version="1.0" encoding="UTF-8"?>
<!-- Generated by org.testng.reporters.JUnitXMLReporter -->
<testsuite hostname="DESKTOP-QGLDL3K" ignored="0" name="Default test" tests="6" failures="0" timestamp="2020-08-09T13:39:37 IST" time="264.769" errors="0">
  <testcase name="login" time="4.972" classname="test.LoginTest"/>
  <testcase name="job" time="73.516" classname="test.JobTest"/>
  <testcase name="deduction" time="11.505" classname="test.DeductionTest"/>
  <testcase name="product" time="46.067" classname="test.ProductTest"/>
  <testcase name="profile" time="38.014" classname="test.ProfileTest2"/>
  <testcase name="supply" time="75.691" classname="test.SupplierTest"/>
</testsuite> <!-- Default test -->
